<?xml version="1.0" encoding="UTF-8"?>
<testsuite name="LogAnalyzerTest" tests="2" skipped="0" failures="0" errors="0" timestamp="2020-06-16T15:52:08" hostname="Andys-MacBook-Pro.local" time="0.003">
  <properties/>
  <testcase name="isValidLogFileName_GoodExtensionUppercase_ReturnsTrue" classname="LogAnalyzerTest" time="0.002"/>
  <testcase name="isValidLogFileName_GoodExtensionLowercase_ReturnsTrue" classname="LogAnalyzerTest" time="0.0"/>
  <system-out><![CDATA[]]></system-out>
  <system-err><![CDATA[]]></system-err>
</testsuite>
